Determining if the pthread_create exist failed with the following output:
Change Dir: /home/nabih/simulation_obstacles/build/CMakeFiles/CMakeTmp

Run Build Command:"/usr/bin/make" "cmTC_ea017/fast"
/usr/bin/make -f CMakeFiles/cmTC_ea017.dir/build.make CMakeFiles/cmTC_ea017.dir/build
make[1]: Entering directory '/home/nabih/simulation_obstacles/build/CMakeFiles/CMakeTmp'
Building C object CMakeFiles/cmTC_ea017.dir/CheckSymbolExists.c.o
/usr/bin/cc    -o CMakeFiles/cmTC_ea017.dir/CheckSymbolExists.c.o   -c /home/nabih/simulation_obstacles/build/CMakeFiles/CMakeTmp/CheckSymbolExists.c
Linking C executable cmTC_ea017
/usr/bin/cmake -E cmake_link_script CMakeFiles/cmTC_ea017.dir/link.txt --verbose=1
/usr/bin/cc      -rdynamic CMakeFiles/cmTC_ea017.dir/CheckSymbolExists.c.o  -o cmTC_ea017 
CMakeFiles/cmTC_ea017.dir/CheckSymbolExists.c.o: In function `main':
CheckSymbolExists.c:(.text+0x1b): undefined reference to `pthread_create'
collect2: error: ld returned 1 exit status
CMakeFiles/cmTC_ea017.dir/build.make:97: recipe for target 'cmTC_ea017' failed
make[1]: *** [cmTC_ea017] Error 1
make[1]: Leaving directory '/home/nabih/simulation_obstacles/build/CMakeFiles/CMakeTmp'
Makefile:126: recipe for target 'cmTC_ea017/fast' failed
make: *** [cmTC_ea017/fast] Error 2

File /home/nabih/simulation_obstacles/build/CMakeFiles/CMakeTmp/CheckSymbolExists.c:
/* */
#include <pthread.h>

int main(int argc, char** argv)
{
  (void)argv;
#ifndef pthread_create
  return ((int*)(&pthread_create))[argc];
#else
  (void)argc;
  return 0;
#endif
}

Determining if the function pthread_create exists in the pthreads failed with the following output:
Change Dir: /home/nabih/simulation_obstacles/build/CMakeFiles/CMakeTmp

Run Build Command:"/usr/bin/make" "cmTC_02ec9/fast"
/usr/bin/make -f CMakeFiles/cmTC_02ec9.dir/build.make CMakeFiles/cmTC_02ec9.dir/build
make[1]: Entering directory '/home/nabih/simulation_obstacles/build/CMakeFiles/CMakeTmp'
Building C object CMakeFiles/cmTC_02ec9.dir/CheckFunctionExists.c.o
/usr/bin/cc   -DCHECK_FUNCTION_EXISTS=pthread_create   -o CMakeFiles/cmTC_02ec9.dir/CheckFunctionExists.c.o   -c /usr/share/cmake-3.10/Modules/CheckFunctionExists.c
Linking C executable cmTC_02ec9
/usr/bin/cmake -E cmake_link_script CMakeFiles/cmTC_02ec9.dir/link.txt --verbose=1
/usr/bin/cc  -DCHECK_FUNCTION_EXISTS=pthread_create    -rdynamic CMakeFiles/cmTC_02ec9.dir/CheckFunctionExists.c.o  -o cmTC_02ec9 -lpthreads 
/usr/bin/ld: cannot find -lpthreads
collect2: error: ld returned 1 exit status
CMakeFiles/cmTC_02ec9.dir/build.make:97: recipe for target 'cmTC_02ec9' failed
make[1]: *** [cmTC_02ec9] Error 1
make[1]: Leaving directory '/home/nabih/simulation_obstacles/build/CMakeFiles/CMakeTmp'
Makefile:126: recipe for target 'cmTC_02ec9/fast' failed
make: *** [cmTC_02ec9/fast] Error 2


